Jan 28, 2013 4:18:24 PM org.apache.catalina.core.AprLifecycleListener init
INFO: The APR based Apache Tomcat Native library which allows optimal performance in production environments was not found on the java.library.path: /Users/olivier/Library/Java/Extensions:/Library/Java/Extensions:/Network/Library/Java/Extensions:/System/Library/Java/Extensions:/usr/lib/java:.
Jan 28, 2013 4:18:25 PM org.apache.coyote.AbstractProtocol init
INFO: Initializing ProtocolHandler ["http-bio-8080"]
Jan 28, 2013 4:18:25 PM org.apache.coyote.AbstractProtocol init
INFO: Initializing ProtocolHandler ["ajp-bio-8009"]
Jan 28, 2013 4:18:25 PM org.apache.catalina.startup.Catalina load
INFO: Initialization processed in 1117 ms
Jan 28, 2013 4:18:25 PM org.apache.catalina.core.StandardService startInternal
INFO: Starting service Catalina
Jan 28, 2013 4:18:25 PM org.apache.catalina.core.StandardEngine startInternal
INFO: Starting Servlet Engine: Apache Tomcat/7.0.35
Jan 28, 2013 4:18:25 PM org.apache.catalina.startup.HostConfig deployDirectory
INFO: Deploying web application directory /Users/olivier/Downloads/tomcat/webapps/docs
Jan 28, 2013 4:18:25 PM org.apache.catalina.startup.HostConfig deployDirectory
INFO: Deploying web application directory /Users/olivier/Downloads/tomcat/webapps/examples
Jan 28, 2013 4:18:26 PM org.apache.catalina.startup.HostConfig deployDirectory
INFO: Deploying web application directory /Users/olivier/Downloads/tomcat/webapps/host-manager
Jan 28, 2013 4:18:26 PM org.apache.catalina.startup.HostConfig deployDirectory
INFO: Deploying web application directory /Users/olivier/Downloads/tomcat/webapps/manager
Jan 28, 2013 4:18:26 PM org.apache.catalina.startup.HostConfig deployDirectory
INFO: Deploying web application directory /Users/olivier/Downloads/tomcat/webapps/ROOT
Jan 28, 2013 4:18:26 PM org.apache.coyote.AbstractProtocol start
INFO: Starting ProtocolHandler ["http-bio-8080"]
Jan 28, 2013 4:18:26 PM org.apache.coyote.AbstractProtocol start
INFO: Starting ProtocolHandler ["ajp-bio-8009"]
Jan 28, 2013 4:18:26 PM org.apache.catalina.startup.Catalina start
INFO: Server startup in 1051 ms
Jan 28, 2013 4:20:18 PM org.apache.catalina.core.StandardServer await
INFO: A valid shutdown command was received via the shutdown port. Stopping the Server instance.
Jan 28, 2013 4:20:18 PM org.apache.coyote.AbstractProtocol pause
INFO: Pausing ProtocolHandler ["http-bio-8080"]
Jan 28, 2013 4:20:18 PM org.apache.coyote.AbstractProtocol pause
INFO: Pausing ProtocolHandler ["ajp-bio-8009"]
Jan 28, 2013 4:20:18 PM org.apache.catalina.core.StandardService stopInternal
INFO: Stopping service Catalina
Jan 28, 2013 4:20:18 PM org.apache.coyote.AbstractProtocol stop
INFO: Stopping ProtocolHandler ["http-bio-8080"]
Jan 28, 2013 4:20:18 PM org.apache.coyote.AbstractProtocol stop
INFO: Stopping ProtocolHandler ["ajp-bio-8009"]
Jan 28, 2013 4:20:18 PM org.apache.coyote.AbstractProtocol destroy
INFO: Destroying ProtocolHandler ["http-bio-8080"]
Jan 28, 2013 4:20:18 PM org.apache.coyote.AbstractProtocol destroy
INFO: Destroying ProtocolHandler ["ajp-bio-8009"]
Jan 28, 2013 4:22:49 PM org.apache.catalina.core.AprLifecycleListener init
INFO: The APR based Apache Tomcat Native library which allows optimal performance in production environments was not found on the java.library.path: /Users/olivier/Library/Java/Extensions:/Library/Java/Extensions:/Network/Library/Java/Extensions:/System/Library/Java/Extensions:/usr/lib/java:.
Jan 28, 2013 4:22:50 PM org.apache.coyote.AbstractProtocol init
INFO: Initializing ProtocolHandler ["http-bio-8080"]
Jan 28, 2013 4:22:50 PM org.apache.coyote.AbstractProtocol init
INFO: Initializing ProtocolHandler ["ajp-bio-8009"]
Jan 28, 2013 4:22:50 PM org.apache.catalina.startup.Catalina load
INFO: Initialization processed in 777 ms
Jan 28, 2013 4:22:50 PM org.apache.catalina.core.StandardService startInternal
INFO: Starting service Catalina
Jan 28, 2013 4:22:50 PM org.apache.catalina.core.StandardEngine startInternal
INFO: Starting Servlet Engine: Apache Tomcat/7.0.35
Jan 28, 2013 4:22:50 PM org.apache.catalina.startup.HostConfig deployDirectory
INFO: Deploying web application directory /Users/olivier/Downloads/tomcat/webapps/docs
Jan 28, 2013 4:22:50 PM org.apache.catalina.startup.HostConfig deployDirectory
INFO: Deploying web application directory /Users/olivier/Downloads/tomcat/webapps/examples
Jan 28, 2013 4:22:51 PM org.apache.catalina.startup.HostConfig deployDirectory
INFO: Deploying web application directory /Users/olivier/Downloads/tomcat/webapps/host-manager
Jan 28, 2013 4:22:51 PM org.apache.catalina.startup.HostConfig deployDirectory
INFO: Deploying web application directory /Users/olivier/Downloads/tomcat/webapps/manager
Jan 28, 2013 4:22:51 PM org.apache.catalina.startup.HostConfig deployDirectory
INFO: Deploying web application directory /Users/olivier/Downloads/tomcat/webapps/ROOT
Jan 28, 2013 4:22:51 PM org.apache.coyote.AbstractProtocol start
INFO: Starting ProtocolHandler ["http-bio-8080"]
Jan 28, 2013 4:22:51 PM org.apache.coyote.AbstractProtocol start
INFO: Starting ProtocolHandler ["ajp-bio-8009"]
Jan 28, 2013 4:22:51 PM org.apache.catalina.startup.Catalina start
INFO: Server startup in 852 ms
Jan 28, 2013 4:24:30 PM org.apache.catalina.core.StandardServer await
INFO: A valid shutdown command was received via the shutdown port. Stopping the Server instance.
Jan 28, 2013 4:24:30 PM org.apache.coyote.AbstractProtocol pause
INFO: Pausing ProtocolHandler ["http-bio-8080"]
Jan 28, 2013 4:24:30 PM org.apache.coyote.AbstractProtocol pause
INFO: Pausing ProtocolHandler ["ajp-bio-8009"]
Jan 28, 2013 4:24:30 PM org.apache.catalina.core.StandardService stopInternal
INFO: Stopping service Catalina
Jan 28, 2013 4:24:30 PM org.apache.coyote.AbstractProtocol stop
INFO: Stopping ProtocolHandler ["http-bio-8080"]
Jan 28, 2013 4:24:30 PM org.apache.coyote.AbstractProtocol stop
INFO: Stopping ProtocolHandler ["ajp-bio-8009"]
Jan 28, 2013 4:24:30 PM org.apache.coyote.AbstractProtocol destroy
INFO: Destroying ProtocolHandler ["http-bio-8080"]
Jan 28, 2013 4:24:30 PM org.apache.coyote.AbstractProtocol destroy
INFO: Destroying ProtocolHandler ["ajp-bio-8009"]
Jan 28, 2013 4:24:35 PM org.apache.catalina.core.AprLifecycleListener init
INFO: The APR based Apache Tomcat Native library which allows optimal performance in production environments was not found on the java.library.path: /Users/olivier/Library/Java/Extensions:/Library/Java/Extensions:/Network/Library/Java/Extensions:/System/Library/Java/Extensions:/usr/lib/java:.
Jan 28, 2013 4:24:36 PM org.apache.coyote.AbstractProtocol init
INFO: Initializing ProtocolHandler ["http-bio-8080"]
Jan 28, 2013 4:24:36 PM org.apache.coyote.AbstractProtocol init
INFO: Initializing ProtocolHandler ["ajp-bio-8009"]
Jan 28, 2013 4:24:36 PM org.apache.catalina.startup.Catalina load
INFO: Initialization processed in 719 ms
Jan 28, 2013 4:24:36 PM org.apache.catalina.core.StandardService startInternal
INFO: Starting service Catalina
Jan 28, 2013 4:24:36 PM org.apache.catalina.core.StandardEngine startInternal
INFO: Starting Servlet Engine: Apache Tomcat/7.0.35
Jan 28, 2013 4:24:36 PM org.apache.catalina.startup.HostConfig deployDirectory
INFO: Deploying web application directory /Users/olivier/Downloads/tomcat/webapps/docs
Jan 28, 2013 4:24:36 PM org.apache.catalina.startup.HostConfig deployDirectory
INFO: Deploying web application directory /Users/olivier/Downloads/tomcat/webapps/examples
Jan 28, 2013 4:24:36 PM org.apache.catalina.startup.HostConfig deployDirectory
INFO: Deploying web application directory /Users/olivier/Downloads/tomcat/webapps/host-manager
Jan 28, 2013 4:24:36 PM org.apache.catalina.startup.HostConfig deployDirectory
INFO: Deploying web application directory /Users/olivier/Downloads/tomcat/webapps/manager
Jan 28, 2013 4:24:36 PM org.apache.catalina.startup.HostConfig deployDirectory
INFO: Deploying web application directory /Users/olivier/Downloads/tomcat/webapps/ROOT
Jan 28, 2013 4:24:36 PM org.apache.coyote.AbstractProtocol start
INFO: Starting ProtocolHandler ["http-bio-8080"]
Jan 28, 2013 4:24:36 PM org.apache.coyote.AbstractProtocol start
INFO: Starting ProtocolHandler ["ajp-bio-8009"]
Jan 28, 2013 4:24:36 PM org.apache.catalina.startup.Catalina start
INFO: Server startup in 793 ms
Jan 28, 2013 4:26:31 PM org.apache.catalina.core.StandardServer await
INFO: A valid shutdown command was received via the shutdown port. Stopping the Server instance.
Jan 28, 2013 4:26:31 PM org.apache.coyote.AbstractProtocol pause
INFO: Pausing ProtocolHandler ["http-bio-8080"]
Jan 28, 2013 4:26:31 PM org.apache.coyote.AbstractProtocol pause
INFO: Pausing ProtocolHandler ["ajp-bio-8009"]
Jan 28, 2013 4:26:31 PM org.apache.catalina.core.StandardService stopInternal
INFO: Stopping service Catalina
Jan 28, 2013 4:26:31 PM org.apache.coyote.AbstractProtocol stop
INFO: Stopping ProtocolHandler ["http-bio-8080"]
Jan 28, 2013 4:26:31 PM org.apache.coyote.AbstractProtocol stop
INFO: Stopping ProtocolHandler ["ajp-bio-8009"]
Jan 28, 2013 4:26:31 PM org.apache.coyote.AbstractProtocol destroy
INFO: Destroying ProtocolHandler ["http-bio-8080"]
Jan 28, 2013 4:26:31 PM org.apache.coyote.AbstractProtocol destroy
INFO: Destroying ProtocolHandler ["ajp-bio-8009"]
Jan 28, 2013 4:29:01 PM org.apache.catalina.core.AprLifecycleListener init
INFO: The APR based Apache Tomcat Native library which allows optimal performance in production environments was not found on the java.library.path: /Users/olivier/Library/Java/Extensions:/Library/Java/Extensions:/Network/Library/Java/Extensions:/System/Library/Java/Extensions:/usr/lib/java:.
Jan 28, 2013 4:29:01 PM org.apache.coyote.AbstractProtocol init
INFO: Initializing ProtocolHandler ["http-bio-8080"]
Jan 28, 2013 4:29:01 PM org.apache.coyote.AbstractProtocol init
INFO: Initializing ProtocolHandler ["ajp-bio-8009"]
Jan 28, 2013 4:29:01 PM org.apache.catalina.startup.Catalina load
INFO: Initialization processed in 774 ms
Jan 28, 2013 4:29:01 PM org.apache.catalina.core.StandardService startInternal
INFO: Starting service Catalina
Jan 28, 2013 4:29:01 PM org.apache.catalina.core.StandardEngine startInternal
INFO: Starting Servlet Engine: Apache Tomcat/7.0.35
Jan 28, 2013 4:29:01 PM org.apache.catalina.startup.HostConfig deployWAR
INFO: Deploying web application archive /Users/olivier/Downloads/tomcat/webapps/relay-control-1.0.0.war
Jan 28, 2013 4:29:03 PM com.sun.xml.ws.transport.http.servlet.WSServletContextListener parseAdaptersAndCreateDelegate
SEVERE: WSSERVLET11: failed to parse runtime descriptor: java.lang.IllegalArgumentException: class com.pi.relay.SocketController has neither @WebService nor @WebServiceProvider annotation
java.lang.IllegalArgumentException: class com.pi.relay.SocketController has neither @WebService nor @WebServiceProvider annotation
	at com.sun.xml.ws.server.EndpointFactory.verifyImplementorClass(EndpointFactory.java:390)
	at com.sun.xml.ws.transport.http.DeploymentDescriptorParser.parseAdapters(DeploymentDescriptorParser.java:229)
	at com.sun.xml.ws.transport.http.DeploymentDescriptorParser.parse(DeploymentDescriptorParser.java:152)
	at com.sun.xml.ws.transport.http.servlet.WSServletContextListener.parseAdaptersAndCreateDelegate(WSServletContextListener.java:131)
	at com.sun.xml.ws.transport.http.servlet.WSServletContainerInitializer.onStartup(WSServletContainerInitializer.java:65)
	at org.apache.catalina.core.StandardContext.startInternal(StandardContext.java:5280)
	at org.apache.catalina.util.LifecycleBase.start(LifecycleBase.java:150)
	at org.apache.catalina.core.ContainerBase.addChildInternal(ContainerBase.java:901)
	at org.apache.catalina.core.ContainerBase.addChild(ContainerBase.java:877)
	at org.apache.catalina.core.StandardHost.addChild(StandardHost.java:633)
	at org.apache.catalina.startup.HostConfig.deployWAR(HostConfig.java:977)
	at org.apache.catalina.startup.HostConfig$DeployWar.run(HostConfig.java:1655)
	at java.util.concurrent.Executors$RunnableAdapter.call(Executors.java:471)
	at java.util.concurrent.FutureTask$Sync.innerRun(FutureTask.java:334)
	at java.util.concurrent.FutureTask.run(FutureTask.java:166)
	at java.util.concurrent.ThreadPoolExecutor.runWorker(ThreadPoolExecutor.java:1110)
	at java.util.concurrent.ThreadPoolExecutor$Worker.run(ThreadPoolExecutor.java:603)
	at java.lang.Thread.run(Thread.java:722)

Jan 28, 2013 4:29:03 PM org.apache.catalina.core.StandardContext startInternal
SEVERE: Context [/relay-control-1.0.0] startup failed due to previous errors
Jan 28, 2013 4:29:03 PM org.apache.catalina.startup.HostConfig deployDirectory
INFO: Deploying web application directory /Users/olivier/Downloads/tomcat/webapps/docs
Jan 28, 2013 4:29:03 PM org.apache.catalina.startup.HostConfig deployDirectory
INFO: Deploying web application directory /Users/olivier/Downloads/tomcat/webapps/examples
Jan 28, 2013 4:29:04 PM org.apache.catalina.startup.HostConfig deployDirectory
INFO: Deploying web application directory /Users/olivier/Downloads/tomcat/webapps/host-manager
Jan 28, 2013 4:29:04 PM org.apache.catalina.startup.HostConfig deployDirectory
INFO: Deploying web application directory /Users/olivier/Downloads/tomcat/webapps/manager
Jan 28, 2013 4:29:04 PM org.apache.catalina.startup.HostConfig deployDirectory
INFO: Deploying web application directory /Users/olivier/Downloads/tomcat/webapps/ROOT
Jan 28, 2013 4:29:05 PM org.apache.coyote.AbstractProtocol start
INFO: Starting ProtocolHandler ["http-bio-8080"]
Jan 28, 2013 4:29:05 PM org.apache.coyote.AbstractProtocol start
INFO: Starting ProtocolHandler ["ajp-bio-8009"]
Jan 28, 2013 4:29:05 PM org.apache.catalina.startup.Catalina start
INFO: Server startup in 3205 ms
Jan 28, 2013 4:29:51 PM org.apache.catalina.core.StandardContext startInternal
SEVERE: Context [/relay-control-1.0.0] startup failed due to previous errors
Jan 28, 2013 4:29:58 PM org.apache.catalina.core.StandardContext startInternal
SEVERE: Context [/relay-control-1.0.0] startup failed due to previous errors
Jan 28, 2013 4:30:09 PM org.apache.catalina.core.StandardContext startInternal
SEVERE: Context [/relay-control-1.0.0] startup failed due to previous errors
Jan 28, 2013 4:31:28 PM org.apache.catalina.util.LifecycleBase stop
INFO: The stop() method was called on component [StandardEngine[Catalina].StandardHost[localhost].StandardContext[/relay-control-1.0.0]] after stop() had already been called. The second call will be ignored.
Jan 28, 2013 4:31:28 PM org.apache.catalina.startup.HostConfig deleteRedeployResources
INFO: Undeploying context [/relay-control-1.0.0]
Jan 28, 2013 4:31:54 PM org.apache.catalina.startup.HostConfig deployWAR
INFO: Deploying web application archive /Users/olivier/Downloads/tomcat/webapps/relay-control-1.0.0.war
Jan 28, 2013 4:31:54 PM org.apache.catalina.core.StandardContext startInternal
SEVERE: Context [/relay-control-1.0.0] startup failed due to previous errors
Jan 28, 2013 4:31:57 PM org.apache.catalina.core.StandardContext startInternal
SEVERE: Context [/relay-control-1.0.0] startup failed due to previous errors
Jan 28, 2013 4:32:08 PM org.apache.catalina.util.LifecycleBase stop
INFO: The stop() method was called on component [StandardEngine[Catalina].StandardHost[localhost].StandardContext[/relay-control-1.0.0]] after stop() had already been called. The second call will be ignored.
Jan 28, 2013 4:32:08 PM org.apache.catalina.startup.HostConfig deleteRedeployResources
INFO: Undeploying context [/relay-control-1.0.0]
Jan 28, 2013 4:34:17 PM org.apache.catalina.core.StandardServer await
INFO: A valid shutdown command was received via the shutdown port. Stopping the Server instance.
Jan 28, 2013 4:34:17 PM org.apache.coyote.AbstractProtocol pause
INFO: Pausing ProtocolHandler ["http-bio-8080"]
Jan 28, 2013 4:34:17 PM org.apache.coyote.AbstractProtocol pause
INFO: Pausing ProtocolHandler ["ajp-bio-8009"]
Jan 28, 2013 4:34:17 PM org.apache.catalina.core.StandardService stopInternal
INFO: Stopping service Catalina
Jan 28, 2013 4:34:17 PM org.apache.coyote.AbstractProtocol stop
INFO: Stopping ProtocolHandler ["http-bio-8080"]
Jan 28, 2013 4:34:17 PM org.apache.coyote.AbstractProtocol stop
INFO: Stopping ProtocolHandler ["ajp-bio-8009"]
Jan 28, 2013 4:34:17 PM org.apache.coyote.AbstractProtocol destroy
INFO: Destroying ProtocolHandler ["http-bio-8080"]
Jan 28, 2013 4:34:17 PM org.apache.coyote.AbstractProtocol destroy
INFO: Destroying ProtocolHandler ["ajp-bio-8009"]
